<?xml version="1.0" encoding="UTF-8"?>
<!-- Generated by org.testng.reporters.JUnitXMLReporter -->
<testsuite ignored="3" hostname="LAPTOP-BEVO0Q22" failures="0" tests="3" name="ChromeTest" time="12.981" errors="0" timestamp="2022-07-20T20:48:17 IST">
  <testcase classname="com.app.test.ApplicationTest" name="verifyTitle" time="0.044"/>
  <testcase classname="com.app.test.ApplicationTest" name="verifyLogo" time="0.067"/>
  <testcase classname="com.app.test.ApplicationTest" name="verifyCaption" time="0.036"/>
  <testcase classname="com.app.test.ApplicationTest" name="verifyForgotPassFeatures" time="0.0">
    <ignored/>
  </testcase> <!-- verifyForgotPassFeatures -->
  <testcase classname="com.app.test.ApplicationTest" name="verifyRegistrationProcess" time="0.0">
    <ignored/>
  </testcase> <!-- verifyRegistrationProcess -->
  <testcase classname="com.app.test.ApplicationTest" name="verifyLoginFeature" time="0.0">
    <ignored/>
  </testcase> <!-- verifyLoginFeature -->
</testsuite> <!-- ChromeTest -->
